<?xml version="1.0" encoding="UTF-8"?>
<coverage generated="1764199862705" clover="3.2.0">
  <project timestamp="1764199862705" name="All files">
    <metrics statements="134" coveredstatements="121" conditionals="69" coveredconditionals="50" methods="42" coveredmethods="36" elements="245" coveredelements="207" complexity="0" loc="134" ncloc="134" packages="1" files="8" classes="8"/>
    <file name="ChatInputBar.tsx" path="C:\Users\marco\Documents\_AI Dev\EVA Suite\eva-ui\apps\eva-chat\src\components\chat\ChatInputBar.tsx">
      <metrics statements="23" coveredstatements="21" conditionals="12" coveredconditionals="8" methods="8" coveredmethods="6"/>
      <line num="11" count="72" type="stmt"/>
      <line num="12" count="72" type="stmt"/>
      <line num="13" count="72" type="stmt"/>
      <line num="14" count="72" type="stmt"/>
      <line num="15" count="72" type="stmt"/>
      <line num="16" count="72" type="stmt"/>
      <line num="17" count="72" type="stmt"/>
      <line num="18" count="72" type="cond" truecount="1" falsecount="1"/>
      <line num="21" count="72" type="stmt"/>
      <line num="22" count="4" type="cond" truecount="1" falsecount="1"/>
      <line num="23" count="4" type="stmt"/>
      <line num="24" count="4" type="stmt"/>
      <line num="27" count="72" type="stmt"/>
      <line num="28" count="1" type="stmt"/>
      <line num="29" count="1" type="stmt"/>
      <line num="32" count="72" type="stmt"/>
      <line num="33" count="60" type="cond" truecount="4" falsecount="0"/>
      <line num="34" count="3" type="stmt"/>
      <line num="35" count="3" type="stmt"/>
      <line num="39" count="72" type="stmt"/>
      <line num="51" count="56" type="stmt"/>
      <line num="63" count="0" type="stmt"/>
      <line num="64" count="0" type="cond" truecount="0" falsecount="2"/>
    </file>
    <file name="ChatMessage.tsx" path="C:\Users\marco\Documents\_AI Dev\EVA Suite\eva-ui\apps\eva-chat\src\components\chat\ChatMessage.tsx">
      <metrics statements="8" coveredstatements="7" conditionals="8" coveredconditionals="7" methods="2" coveredmethods="2"/>
      <line num="10" count="9" type="stmt"/>
      <line num="11" count="9" type="stmt"/>
      <line num="12" count="7" type="stmt"/>
      <line num="13" count="7" type="cond" truecount="1" falsecount="1"/>
      <line num="14" count="7" type="stmt"/>
      <line num="19" count="0" type="stmt"/>
      <line num="23" count="9" type="stmt"/>
      <line num="24" count="9" type="stmt"/>
    </file>
    <file name="ChatMessageList.tsx" path="C:\Users\marco\Documents\_AI Dev\EVA Suite\eva-ui\apps\eva-chat\src\components\chat\ChatMessageList.tsx">
      <metrics statements="7" coveredstatements="6" conditionals="6" coveredconditionals="5" methods="3" coveredmethods="3"/>
      <line num="11" count="10" type="stmt"/>
      <line num="12" count="10" type="stmt"/>
      <line num="14" count="10" type="stmt"/>
      <line num="15" count="10" type="cond" truecount="3" falsecount="1"/>
      <line num="16" count="0" type="stmt"/>
      <line num="20" count="10" type="stmt"/>
      <line num="31" count="9" type="stmt"/>
    </file>
    <file name="ChatShell.tsx" path="C:\Users\marco\Documents\_AI Dev\EVA Suite\eva-ui\apps\eva-chat\src\components\chat\ChatShell.tsx">
      <metrics statements="54" coveredstatements="46" conditionals="12" coveredconditionals="5" methods="16" coveredmethods="13"/>
      <line num="12" count="13" type="cond" truecount="1" falsecount="1"/>
      <line num="14" count="1" type="stmt"/>
      <line num="15" count="2" type="stmt"/>
      <line num="16" count="2" type="cond" truecount="1" falsecount="1"/>
      <line num="17" count="2" type="stmt"/>
      <line num="20" count="8" type="stmt"/>
      <line num="21" count="8" type="stmt"/>
      <line num="22" count="8" type="stmt"/>
      <line num="23" count="9" type="stmt"/>
      <line num="24" count="9" type="cond" truecount="1" falsecount="1"/>
      <line num="26" count="8" type="stmt"/>
      <line num="27" count="8" type="stmt"/>
      <line num="28" count="8" type="stmt"/>
      <line num="29" count="8" type="stmt"/>
      <line num="30" count="8" type="stmt"/>
      <line num="31" count="8" type="stmt"/>
      <line num="39" count="8" type="stmt"/>
      <line num="40" count="8" type="stmt"/>
      <line num="43" count="8" type="stmt"/>
      <line num="44" count="2" type="stmt"/>
      <line num="45" count="2" type="cond" truecount="1" falsecount="1"/>
      <line num="47" count="2" type="stmt"/>
      <line num="54" count="2" type="stmt"/>
      <line num="55" count="2" type="stmt"/>
      <line num="56" count="2" type="stmt"/>
      <line num="57" count="2" type="stmt"/>
      <line num="59" count="2" type="stmt"/>
      <line num="60" count="2" type="stmt"/>
      <line num="61" count="2" type="cond" truecount="1" falsecount="1"/>
      <line num="64" count="2" type="stmt"/>
      <line num="65" count="2" type="stmt"/>
      <line num="66" count="2" type="stmt"/>
      <line num="72" count="2" type="stmt"/>
      <line num="78" count="2" type="stmt"/>
      <line num="79" count="2" type="stmt"/>
      <line num="81" count="0" type="stmt"/>
      <line num="82" count="0" type="stmt"/>
      <line num="92" count="2" type="stmt"/>
      <line num="96" count="8" type="stmt"/>
      <line num="97" count="0" type="cond" truecount="0" falsecount="2"/>
      <line num="98" count="0" type="stmt"/>
      <line num="99" count="0" type="stmt"/>
      <line num="100" count="0" type="stmt"/>
      <line num="103" count="8" type="stmt"/>
      <line num="104" count="1" type="stmt"/>
      <line num="105" count="1" type="stmt"/>
      <line num="106" count="1" type="stmt"/>
      <line num="107" count="1" type="stmt"/>
      <line num="108" count="1" type="stmt"/>
      <line num="109" count="1" type="stmt"/>
      <line num="110" count="1" type="stmt"/>
      <line num="121" count="8" type="stmt"/>
      <line num="143" count="0" type="stmt"/>
      <line num="144" count="0" type="stmt"/>
    </file>
    <file name="ChatSidebar.tsx" path="C:\Users\marco\Documents\_AI Dev\EVA Suite\eva-ui\apps\eva-chat\src\components\chat\ChatSidebar.tsx">
      <metrics statements="2" coveredstatements="2" conditionals="2" coveredconditionals="1" methods="1" coveredmethods="1"/>
      <line num="12" count="8" type="stmt"/>
      <line num="13" count="8" type="stmt"/>
    </file>
    <file name="MicButton.tsx" path="C:\Users\marco\Documents\_AI Dev\EVA Suite\eva-ui\apps\eva-chat\src\components\chat\MicButton.tsx">
      <metrics statements="4" coveredstatements="4" conditionals="3" coveredconditionals="2" methods="2" coveredmethods="2"/>
      <line num="9" count="75" type="stmt"/>
      <line num="10" count="75" type="stmt"/>
      <line num="14" count="1" type="cond" truecount="1" falsecount="1"/>
      <line num="15" count="1" type="stmt"/>
    </file>
    <file name="ModeToggle.tsx" path="C:\Users\marco\Documents\_AI Dev\EVA Suite\eva-ui\apps\eva-chat\src\components\chat\ModeToggle.tsx">
      <metrics statements="5" coveredstatements="5" conditionals="4" coveredconditionals="4" methods="3" coveredmethods="3"/>
      <line num="10" count="11" type="stmt"/>
      <line num="11" count="11" type="stmt"/>
      <line num="14" count="22" type="stmt"/>
      <line num="15" count="22" type="stmt"/>
      <line num="22" count="2" type="stmt"/>
    </file>
    <file name="ThreadList.tsx" path="C:\Users\marco\Documents\_AI Dev\EVA Suite\eva-ui\apps\eva-chat\src\components\chat\ThreadList.tsx">
      <metrics statements="31" coveredstatements="30" conditionals="22" coveredconditionals="18" methods="7" coveredmethods="6"/>
      <line num="17" count="12" type="stmt"/>
      <line num="19" count="12" type="stmt"/>
      <line num="20" count="4" type="cond" truecount="1" falsecount="1"/>
      <line num="21" count="4" type="stmt"/>
      <line num="23" count="4" type="cond" truecount="2" falsecount="0"/>
      <line num="24" count="1" type="stmt"/>
      <line num="25" count="1" type="stmt"/>
      <line num="26" count="3" type="cond" truecount="2" falsecount="0"/>
      <line num="27" count="1" type="stmt"/>
      <line num="28" count="1" type="stmt"/>
      <line num="29" count="2" type="cond" truecount="2" falsecount="0"/>
      <line num="30" count="1" type="stmt"/>
      <line num="31" count="1" type="stmt"/>
      <line num="32" count="1" type="cond" truecount="1" falsecount="1"/>
      <line num="33" count="1" type="stmt"/>
      <line num="34" count="1" type="stmt"/>
      <line num="37" count="4" type="cond" truecount="1" falsecount="1"/>
      <line num="38" count="4" type="stmt"/>
      <line num="39" count="4" type="stmt"/>
      <line num="40" count="4" type="stmt"/>
      <line num="44" count="12" type="stmt"/>
      <line num="45" count="21" type="cond" truecount="2" falsecount="0"/>
      <line num="46" count="17" type="stmt"/>
      <line num="47" count="17" type="cond" truecount="2" falsecount="0"/>
      <line num="48" count="16" type="stmt"/>
      <line num="54" count="12" type="stmt"/>
      <line num="57" count="21" type="stmt"/>
      <line num="58" count="21" type="stmt"/>
      <line num="63" count="42" type="stmt"/>
      <line num="69" count="0" type="stmt"/>
      <line num="70" count="4" type="stmt"/>
    </file>
  </project>
</coverage>
