{"C:\\Users\\marco\\Documents\\_AI Dev\\EVA Suite\\eva-ui\\apps\\eva-chat\\src\\components\\chat\\ChatInputBar.tsx": {"path":"C:\\Users\\marco\\Documents\\_AI Dev\\EVA Suite\\eva-ui\\apps\\eva-chat\\src\\components\\chat\\ChatInputBar.tsx","statementMap":{"0":{"start":{"line":11,"column":14},"end":{"line":11,"column":null}},"1":{"start":{"line":12,"column":26},"end":{"line":12,"column":null}},"2":{"start":{"line":13,"column":19},"end":{"line":13,"column":null}},"3":{"start":{"line":14,"column":24},"end":{"line":14,"column":null}},"4":{"start":{"line":15,"column":25},"end":{"line":15,"column":null}},"5":{"start":{"line":16,"column":10},"end":{"line":19,"column":null}},"6":{"start":{"line":17,"column":27},"end":{"line":17,"column":null}},"7":{"start":{"line":18,"column":8},"end":{"line":18,"column":null}},"8":{"start":{"line":21,"column":19},"end":{"line":25,"column":null}},"9":{"start":{"line":22,"column":8},"end":{"line":22,"column":null}},"10":{"start":{"line":22,"column":27},"end":{"line":22,"column":null}},"11":{"start":{"line":23,"column":8},"end":{"line":23,"column":null}},"12":{"start":{"line":24,"column":8},"end":{"line":24,"column":null}},"13":{"start":{"line":27,"column":25},"end":{"line":30,"column":null}},"14":{"start":{"line":28,"column":8},"end":{"line":28,"column":null}},"15":{"start":{"line":29,"column":8},"end":{"line":29,"column":null}},"16":{"start":{"line":32,"column":26},"end":{"line":37,"column":null}},"17":{"start":{"line":33,"column":8},"end":{"line":36,"column":null}},"18":{"start":{"line":34,"column":12},"end":{"line":34,"column":null}},"19":{"start":{"line":35,"column":12},"end":{"line":35,"column":null}},"20":{"start":{"line":39,"column":4},"end":{"line":77,"column":null}},"21":{"start":{"line":51,"column":45},"end":{"line":51,"column":null}},"22":{"start":{"line":63,"column":43},"end":{"line":63,"column":null}},"23":{"start":{"line":64,"column":28},"end":{"line":64,"column":null}},"24":{"start":{"line":64,"column":48},"end":{"line":64,"column":84}}},"fnMap":{"0":{"name":"ChatInputBar","decl":{"start":{"line":10,"column":16},"end":{"line":10,"column":29}},"loc":{"start":{"line":10,"column":71},"end":{"line":79,"column":null}},"line":10},"1":{"name":"(anonymous_1)","decl":{"start":{"line":16,"column":22},"end":{"line":16,"column":28}},"loc":{"start":{"line":16,"column":28},"end":{"line":19,"column":7}},"line":16},"2":{"name":"(anonymous_2)","decl":{"start":{"line":21,"column":19},"end":{"line":21,"column":25}},"loc":{"start":{"line":21,"column":25},"end":{"line":25,"column":null}},"line":21},"3":{"name":"(anonymous_3)","decl":{"start":{"line":27,"column":25},"end":{"line":27,"column":26}},"loc":{"start":{"line":27,"column":64},"end":{"line":30,"column":null}},"line":27},"4":{"name":"(anonymous_4)","decl":{"start":{"line":32,"column":26},"end":{"line":32,"column":27}},"loc":{"start":{"line":32,"column":73},"end":{"line":37,"column":null}},"line":32},"5":{"name":"(anonymous_5)","decl":{"start":{"line":51,"column":34},"end":{"line":51,"column":35}},"loc":{"start":{"line":51,"column":45},"end":{"line":51,"column":null}},"line":51},"6":{"name":"(anonymous_6)","decl":{"start":{"line":62,"column":35},"end":{"line":62,"column":41}},"loc":{"start":{"line":62,"column":41},"end":{"line":65,"column":null}},"line":62},"7":{"name":"(anonymous_7)","decl":{"start":{"line":64,"column":37},"end":{"line":64,"column":38}},"loc":{"start":{"line":64,"column":48},"end":{"line":64,"column":84}},"line":64}},"branchMap":{"0":{"loc":{"start":{"line":18,"column":15},"end":{"line":18,"column":null}},"type":"cond-expr","locations":[{"start":{"line":18,"column":44},"end":{"line":18,"column":59}},{"start":{"line":18,"column":59},"end":{"line":18,"column":null}}],"line":18},"1":{"loc":{"start":{"line":22,"column":8},"end":{"line":22,"column":null}},"type":"if","locations":[{"start":{"line":22,"column":8},"end":{"line":22,"column":null}},{"start":{},"end":{}}],"line":22},"2":{"loc":{"start":{"line":33,"column":8},"end":{"line":36,"column":null}},"type":"if","locations":[{"start":{"line":33,"column":8},"end":{"line":36,"column":null}},{"start":{},"end":{}}],"line":33},"3":{"loc":{"start":{"line":33,"column":12},"end":{"line":33,"column":54}},"type":"binary-expr","locations":[{"start":{"line":33,"column":12},"end":{"line":33,"column":37}},{"start":{"line":33,"column":37},"end":{"line":33,"column":54}}],"line":33},"4":{"loc":{"start":{"line":64,"column":48},"end":{"line":64,"column":84}},"type":"cond-expr","locations":[{"start":{"line":64,"column":55},"end":{"line":64,"column":77}},{"start":{"line":64,"column":77},"end":{"line":64,"column":84}}],"line":64},"5":{"loc":{"start":{"line":73,"column":25},"end":{"line":73,"column":null}},"type":"cond-expr","locations":[{"start":{"line":73,"column":37},"end":{"line":73,"column":57}},{"start":{"line":73,"column":57},"end":{"line":73,"column":null}}],"line":73}},"s":{"0":72,"1":72,"2":72,"3":72,"4":72,"5":72,"6":72,"7":72,"8":72,"9":4,"10":0,"11":4,"12":4,"13":72,"14":1,"15":1,"16":72,"17":60,"18":3,"19":3,"20":72,"21":56,"22":0,"23":0,"24":0},"f":{"0":72,"1":72,"2":4,"3":1,"4":60,"5":56,"6":0,"7":0},"b":{"0":[72,0],"1":[0,4],"2":[3,57],"3":[60,4],"4":[0,0],"5":[3,69]},"meta":{"lastBranch":6,"lastFunction":8,"lastStatement":25,"seen":{"f:10:16:10:29":0,"s:11:14:11:Infinity":0,"s:12:26:12:Infinity":1,"s:13:19:13:Infinity":2,"s:14:24:14:Infinity":3,"s:15:25:15:Infinity":4,"s:16:10:19:Infinity":5,"f:16:22:16:28":1,"s:17:27:17:Infinity":6,"s:18:8:18:Infinity":7,"b:18:44:18:59:18:59:18:Infinity":0,"s:21:19:25:Infinity":8,"f:21:19:21:25":2,"b:22:8:22:Infinity:undefined:undefined:undefined:undefined":1,"s:22:8:22:Infinity":9,"s:22:27:22:Infinity":10,"s:23:8:23:Infinity":11,"s:24:8:24:Infinity":12,"s:27:25:30:Infinity":13,"f:27:25:27:26":3,"s:28:8:28:Infinity":14,"s:29:8:29:Infinity":15,"s:32:26:37:Infinity":16,"f:32:26:32:27":4,"b:33:8:36:Infinity:undefined:undefined:undefined:undefined":2,"s:33:8:36:Infinity":17,"b:33:12:33:37:33:37:33:54":3,"s:34:12:34:Infinity":18,"s:35:12:35:Infinity":19,"s:39:4:77:Infinity":20,"f:51:34:51:35":5,"s:51:45:51:Infinity":21,"f:62:35:62:41":6,"s:63:43:63:Infinity":22,"s:64:28:64:Infinity":23,"f:64:37:64:38":7,"s:64:48:64:84":24,"b:64:55:64:77:64:77:64:84":4,"b:73:37:73:57:73:57:73:Infinity":5}}}
,"C:\\Users\\marco\\Documents\\_AI Dev\\EVA Suite\\eva-ui\\apps\\eva-chat\\src\\components\\chat\\ChatMessage.tsx": {"path":"C:\\Users\\marco\\Documents\\_AI Dev\\EVA Suite\\eva-ui\\apps\\eva-chat\\src\\components\\chat\\ChatMessage.tsx","statementMap":{"0":{"start":{"line":10,"column":22},"end":{"line":10,"column":null}},"1":{"start":{"line":11,"column":10},"end":{"line":21,"column":null}},"2":{"start":{"line":12,"column":8},"end":{"line":20,"column":null}},"3":{"start":{"line":13,"column":25},"end":{"line":13,"column":null}},"4":{"start":{"line":14,"column":12},"end":{"line":17,"column":null}},"5":{"start":{"line":19,"column":12},"end":{"line":19,"column":null}},"6":{"start":{"line":23,"column":19},"end":{"line":23,"column":null}},"7":{"start":{"line":24,"column":4},"end":{"line":38,"column":null}}},"fnMap":{"0":{"name":"ChatMessageItem","decl":{"start":{"line":9,"column":16},"end":{"line":9,"column":32}},"loc":{"start":{"line":9,"column":63},"end":{"line":40,"column":null}},"line":9},"1":{"name":"(anonymous_1)","decl":{"start":{"line":11,"column":30},"end":{"line":11,"column":36}},"loc":{"start":{"line":11,"column":36},"end":{"line":21,"column":7}},"line":11}},"branchMap":{"0":{"loc":{"start":{"line":13,"column":25},"end":{"line":13,"column":null}},"type":"cond-expr","locations":[{"start":{"line":13,"column":65},"end":{"line":13,"column":95}},{"start":{"line":13,"column":95},"end":{"line":13,"column":null}}],"line":13},"1":{"loc":{"start":{"line":26,"column":46},"end":{"line":26,"column":93}},"type":"cond-expr","locations":[{"start":{"line":26,"column":55},"end":{"line":26,"column":80}},{"start":{"line":26,"column":80},"end":{"line":26,"column":93}}],"line":26},"2":{"loc":{"start":{"line":30,"column":17},"end":{"line":30,"column":89}},"type":"cond-expr","locations":[{"start":{"line":30,"column":26},"end":{"line":30,"column":56}},{"start":{"line":30,"column":56},"end":{"line":30,"column":89}}],"line":30},"3":{"loc":{"start":{"line":33,"column":84},"end":{"line":33,"column":null}},"type":"cond-expr","locations":[{"start":{"line":33,"column":93},"end":{"line":33,"column":125}},{"start":{"line":33,"column":125},"end":{"line":33,"column":null}}],"line":33}},"s":{"0":9,"1":9,"2":7,"3":7,"4":7,"5":0,"6":9,"7":9},"f":{"0":9,"1":7},"b":{"0":[7,0],"1":[5,4],"2":[5,4],"3":[5,4]},"meta":{"lastBranch":4,"lastFunction":2,"lastStatement":8,"seen":{"f:9:16:9:32":0,"s:10:22:10:Infinity":0,"s:11:10:21:Infinity":1,"f:11:30:11:36":1,"s:12:8:20:Infinity":2,"s:13:25:13:Infinity":3,"b:13:65:13:95:13:95:13:Infinity":0,"s:14:12:17:Infinity":4,"s:19:12:19:Infinity":5,"s:23:19:23:Infinity":6,"s:24:4:38:Infinity":7,"b:26:55:26:80:26:80:26:93":1,"b:30:26:30:56:30:56:30:89":2,"b:33:93:33:125:33:125:33:Infinity":3}}}
,"C:\\Users\\marco\\Documents\\_AI Dev\\EVA Suite\\eva-ui\\apps\\eva-chat\\src\\components\\chat\\ChatMessageList.tsx": {"path":"C:\\Users\\marco\\Documents\\_AI Dev\\EVA Suite\\eva-ui\\apps\\eva-chat\\src\\components\\chat\\ChatMessageList.tsx","statementMap":{"0":{"start":{"line":11,"column":14},"end":{"line":11,"column":null}},"1":{"start":{"line":12,"column":10},"end":{"line":12,"column":null}},"2":{"start":{"line":14,"column":4},"end":{"line":18,"column":null}},"3":{"start":{"line":15,"column":8},"end":{"line":17,"column":null}},"4":{"start":{"line":16,"column":12},"end":{"line":16,"column":null}},"5":{"start":{"line":20,"column":4},"end":{"line":33,"column":null}},"6":{"start":{"line":31,"column":42},"end":{"line":31,"column":96}}},"fnMap":{"0":{"name":"ChatMessageList","decl":{"start":{"line":10,"column":16},"end":{"line":10,"column":32}},"loc":{"start":{"line":10,"column":68},"end":{"line":35,"column":null}},"line":10},"1":{"name":"(anonymous_1)","decl":{"start":{"line":14,"column":14},"end":{"line":14,"column":20}},"loc":{"start":{"line":14,"column":20},"end":{"line":18,"column":7}},"line":14},"2":{"name":"(anonymous_2)","decl":{"start":{"line":31,"column":29},"end":{"line":31,"column":30}},"loc":{"start":{"line":31,"column":42},"end":{"line":31,"column":96}},"line":31}},"branchMap":{"0":{"loc":{"start":{"line":15,"column":8},"end":{"line":17,"column":null}},"type":"if","locations":[{"start":{"line":15,"column":8},"end":{"line":17,"column":null}},{"start":{},"end":{}}],"line":15},"1":{"loc":{"start":{"line":15,"column":12},"end":{"line":15,"column":79}},"type":"binary-expr","locations":[{"start":{"line":15,"column":12},"end":{"line":15,"column":31}},{"start":{"line":15,"column":31},"end":{"line":15,"column":79}}],"line":15},"2":{"loc":{"start":{"line":28,"column":13},"end":{"line":31,"column":null}},"type":"cond-expr","locations":[{"start":{"line":29,"column":16},"end":{"line":29,"column":null}},{"start":{"line":31,"column":16},"end":{"line":31,"column":null}}],"line":28}},"s":{"0":10,"1":10,"2":10,"3":10,"4":0,"5":10,"6":9},"f":{"0":10,"1":10,"2":9},"b":{"0":[0,10],"1":[10,10],"2":[5,5]},"meta":{"lastBranch":3,"lastFunction":3,"lastStatement":7,"seen":{"f:10:16:10:32":0,"s:11:14:11:Infinity":0,"s:12:10:12:Infinity":1,"s:14:4:18:Infinity":2,"f:14:14:14:20":1,"b:15:8:17:Infinity:undefined:undefined:undefined:undefined":0,"s:15:8:17:Infinity":3,"b:15:12:15:31:15:31:15:79":1,"s:16:12:16:Infinity":4,"s:20:4:33:Infinity":5,"b:29:16:29:Infinity:31:16:31:Infinity":2,"f:31:29:31:30":2,"s:31:42:31:96":6}}}
,"C:\\Users\\marco\\Documents\\_AI Dev\\EVA Suite\\eva-ui\\apps\\eva-chat\\src\\components\\chat\\ChatShell.tsx": {"path":"C:\\Users\\marco\\Documents\\_AI Dev\\EVA Suite\\eva-ui\\apps\\eva-chat\\src\\components\\chat\\ChatShell.tsx","statementMap":{"0":{"start":{"line":12,"column":17},"end":{"line":12,"column":null}},"1":{"start":{"line":12,"column":24},"end":{"line":12,"column":null}},"2":{"start":{"line":14,"column":25},"end":{"line":17,"column":null}},"3":{"start":{"line":15,"column":4},"end":{"line":17,"column":null}},"4":{"start":{"line":16,"column":78},"end":{"line":16,"column":125}},"5":{"start":{"line":17,"column":37},"end":{"line":17,"column":55}},"6":{"start":{"line":20,"column":22},"end":{"line":20,"column":null}},"7":{"start":{"line":21,"column":28},"end":{"line":21,"column":null}},"8":{"start":{"line":22,"column":27},"end":{"line":25,"column":null}},"9":{"start":{"line":23,"column":27},"end":{"line":23,"column":null}},"10":{"start":{"line":24,"column":8},"end":{"line":24,"column":null}},"11":{"start":{"line":26,"column":32},"end":{"line":26,"column":null}},"12":{"start":{"line":27,"column":10},"end":{"line":27,"column":null}},"13":{"start":{"line":28,"column":24},"end":{"line":28,"column":null}},"14":{"start":{"line":29,"column":34},"end":{"line":29,"column":null}},"15":{"start":{"line":30,"column":32},"end":{"line":30,"column":null}},"16":{"start":{"line":31,"column":30},"end":{"line":37,"column":null}},"17":{"start":{"line":39,"column":4},"end":{"line":41,"column":null}},"18":{"start":{"line":40,"column":8},"end":{"line":40,"column":null}},"19":{"start":{"line":43,"column":23},"end":{"line":94,"column":null}},"20":{"start":{"line":44,"column":24},"end":{"line":44,"column":null}},"21":{"start":{"line":45,"column":8},"end":{"line":45,"column":null}},"22":{"start":{"line":45,"column":22},"end":{"line":45,"column":null}},"23":{"start":{"line":47,"column":41},"end":{"line":52,"column":null}},"24":{"start":{"line":54,"column":29},"end":{"line":54,"column":null}},"25":{"start":{"line":55,"column":8},"end":{"line":55,"column":null}},"26":{"start":{"line":56,"column":8},"end":{"line":56,"column":null}},"27":{"start":{"line":57,"column":8},"end":{"line":57,"column":null}},"28":{"start":{"line":59,"column":14},"end":{"line":59,"column":null}},"29":{"start":{"line":60,"column":8},"end":{"line":62,"column":null}},"30":{"start":{"line":61,"column":12},"end":{"line":61,"column":null}},"31":{"start":{"line":61,"column":34},"end":{"line":61,"column":109}},"32":{"start":{"line":64,"column":8},"end":{"line":64,"column":null}},"33":{"start":{"line":65,"column":8},"end":{"line":93,"column":null}},"34":{"start":{"line":66,"column":29},"end":{"line":71,"column":null}},"35":{"start":{"line":72,"column":50},"end":{"line":77,"column":null}},"36":{"start":{"line":78,"column":12},"end":{"line":78,"column":null}},"37":{"start":{"line":78,"column":34},"end":{"line":78,"column":61}},"38":{"start":{"line":79,"column":12},"end":{"line":79,"column":null}},"39":{"start":{"line":81,"column":12},"end":{"line":81,"column":null}},"40":{"start":{"line":82,"column":12},"end":{"line":90,"column":null}},"41":{"start":{"line":82,"column":34},"end":{"line":90,"column":13}},"42":{"start":{"line":92,"column":12},"end":{"line":92,"column":null}},"43":{"start":{"line":96,"column":31},"end":{"line":101,"column":null}},"44":{"start":{"line":97,"column":8},"end":{"line":97,"column":null}},"45":{"start":{"line":97,"column":37},"end":{"line":97,"column":null}},"46":{"start":{"line":98,"column":8},"end":{"line":98,"column":null}},"47":{"start":{"line":99,"column":8},"end":{"line":99,"column":null}},"48":{"start":{"line":100,"column":8},"end":{"line":100,"column":null}},"49":{"start":{"line":103,"column":27},"end":{"line":119,"column":null}},"50":{"start":{"line":104,"column":22},"end":{"line":104,"column":null}},"51":{"start":{"line":105,"column":8},"end":{"line":105,"column":null}},"52":{"start":{"line":106,"column":8},"end":{"line":106,"column":null}},"53":{"start":{"line":107,"column":8},"end":{"line":107,"column":null}},"54":{"start":{"line":108,"column":8},"end":{"line":118,"column":null}},"55":{"start":{"line":109,"column":30},"end":{"line":109,"column":null}},"56":{"start":{"line":110,"column":12},"end":{"line":117,"column":null}},"57":{"start":{"line":121,"column":4},"end":{"line":151,"column":null}},"58":{"start":{"line":143,"column":28},"end":{"line":143,"column":null}},"59":{"start":{"line":144,"column":28},"end":{"line":144,"column":null}}},"fnMap":{"0":{"name":"(anonymous_0)","decl":{"start":{"line":12,"column":17},"end":{"line":12,"column":24}},"loc":{"start":{"line":12,"column":24},"end":{"line":12,"column":null}},"line":12},"1":{"name":"(anonymous_1)","decl":{"start":{"line":14,"column":25},"end":{"line":14,"column":26}},"loc":{"start":{"line":15,"column":4},"end":{"line":17,"column":null}},"line":15},"2":{"name":"(anonymous_2)","decl":{"start":{"line":16,"column":16},"end":{"line":16,"column":17}},"loc":{"start":{"line":16,"column":78},"end":{"line":16,"column":125}},"line":16},"3":{"name":"(anonymous_3)","decl":{"start":{"line":17,"column":13},"end":{"line":17,"column":14}},"loc":{"start":{"line":17,"column":37},"end":{"line":17,"column":55}},"line":17},"4":{"name":"ChatShell","decl":{"start":{"line":19,"column":16},"end":{"line":19,"column":28}},"loc":{"start":{"line":19,"column":28},"end":{"line":153,"column":null}},"line":19},"5":{"name":"(anonymous_5)","decl":{"start":{"line":22,"column":27},"end":{"line":22,"column":28}},"loc":{"start":{"line":22,"column":62},"end":{"line":25,"column":null}},"line":22},"6":{"name":"(anonymous_6)","decl":{"start":{"line":39,"column":14},"end":{"line":39,"column":20}},"loc":{"start":{"line":39,"column":20},"end":{"line":41,"column":7}},"line":39},"7":{"name":"(anonymous_7)","decl":{"start":{"line":43,"column":23},"end":{"line":43,"column":30}},"loc":{"start":{"line":43,"column":50},"end":{"line":94,"column":null}},"line":43},"8":{"name":"(anonymous_8)","decl":{"start":{"line":60,"column":19},"end":{"line":60,"column":20}},"loc":{"start":{"line":61,"column":12},"end":{"line":61,"column":null}},"line":61},"9":{"name":"(anonymous_9)","decl":{"start":{"line":61,"column":21},"end":{"line":61,"column":22}},"loc":{"start":{"line":61,"column":34},"end":{"line":61,"column":109}},"line":61},"10":{"name":"(anonymous_10)","decl":{"start":{"line":78,"column":24},"end":{"line":78,"column":25}},"loc":{"start":{"line":78,"column":34},"end":{"line":78,"column":61}},"line":78},"11":{"name":"(anonymous_11)","decl":{"start":{"line":82,"column":24},"end":{"line":82,"column":25}},"loc":{"start":{"line":82,"column":34},"end":{"line":90,"column":13}},"line":82},"12":{"name":"(anonymous_12)","decl":{"start":{"line":96,"column":31},"end":{"line":96,"column":32}},"loc":{"start":{"line":96,"column":55},"end":{"line":101,"column":null}},"line":96},"13":{"name":"(anonymous_13)","decl":{"start":{"line":103,"column":27},"end":{"line":103,"column":33}},"loc":{"start":{"line":103,"column":33},"end":{"line":119,"column":null}},"line":103},"14":{"name":"(anonymous_14)","decl":{"start":{"line":108,"column":19},"end":{"line":108,"column":20}},"loc":{"start":{"line":108,"column":29},"end":{"line":118,"column":9}},"line":108},"15":{"name":"(anonymous_15)","decl":{"start":{"line":142,"column":38},"end":{"line":142,"column":39}},"loc":{"start":{"line":142,"column":62},"end":{"line":145,"column":null}},"line":142}},"branchMap":{"0":{"loc":{"start":{"line":12,"column":24},"end":{"line":12,"column":null}},"type":"cond-expr","locations":[{"start":{"line":12,"column":66},"end":{"line":12,"column":88}},{"start":{"line":12,"column":88},"end":{"line":12,"column":null}}],"line":12},"1":{"loc":{"start":{"line":16,"column":78},"end":{"line":16,"column":125}},"type":"binary-expr","locations":[{"start":{"line":16,"column":78},"end":{"line":16,"column":101}},{"start":{"line":16,"column":101},"end":{"line":16,"column":125}}],"line":16},"2":{"loc":{"start":{"line":24,"column":15},"end":{"line":24,"column":null}},"type":"cond-expr","locations":[{"start":{"line":24,"column":36},"end":{"line":24,"column":47}},{"start":{"line":24,"column":47},"end":{"line":24,"column":null}}],"line":24},"3":{"loc":{"start":{"line":45,"column":8},"end":{"line":45,"column":null}},"type":"if","locations":[{"start":{"line":45,"column":8},"end":{"line":45,"column":null}},{"start":{},"end":{}}],"line":45},"4":{"loc":{"start":{"line":61,"column":34},"end":{"line":61,"column":109}},"type":"cond-expr","locations":[{"start":{"line":61,"column":59},"end":{"line":61,"column":102}},{"start":{"line":61,"column":102},"end":{"line":61,"column":109}}],"line":61},"5":{"loc":{"start":{"line":97,"column":8},"end":{"line":97,"column":null}},"type":"if","locations":[{"start":{"line":97,"column":8},"end":{"line":97,"column":null}},{"start":{},"end":{}}],"line":97}},"s":{"0":1,"1":13,"2":1,"3":2,"4":2,"5":2,"6":8,"7":8,"8":8,"9":9,"10":9,"11":8,"12":8,"13":8,"14":8,"15":8,"16":8,"17":8,"18":8,"19":8,"20":2,"21":2,"22":0,"23":2,"24":2,"25":2,"26":2,"27":2,"28":2,"29":2,"30":2,"31":2,"32":2,"33":2,"34":2,"35":2,"36":2,"37":2,"38":2,"39":0,"40":0,"41":0,"42":2,"43":8,"44":0,"45":0,"46":0,"47":0,"48":0,"49":8,"50":1,"51":1,"52":1,"53":1,"54":1,"55":1,"56":1,"57":8,"58":0,"59":0},"f":{"0":13,"1":2,"2":2,"3":2,"4":8,"5":9,"6":8,"7":2,"8":2,"9":2,"10":2,"11":0,"12":0,"13":1,"14":1,"15":0},"b":{"0":[13,0],"1":[2,0],"2":[9,0],"3":[0,2],"4":[2,0],"5":[0,0]},"meta":{"lastBranch":6,"lastFunction":16,"lastStatement":60,"seen":{"s:12:17:12:Infinity":0,"f:12:17:12:24":0,"s:12:24:12:Infinity":1,"b:12:66:12:88:12:88:12:Infinity":0,"s:14:25:17:Infinity":2,"f:14:25:14:26":1,"s:15:4:17:Infinity":3,"f:16:16:16:17":2,"s:16:78:16:125":4,"b:16:78:16:101:16:101:16:125":1,"f:17:13:17:14":3,"s:17:37:17:55":5,"f:19:16:19:28":4,"s:20:22:20:Infinity":6,"s:21:28:21:Infinity":7,"s:22:27:25:Infinity":8,"f:22:27:22:28":5,"s:23:27:23:Infinity":9,"s:24:8:24:Infinity":10,"b:24:36:24:47:24:47:24:Infinity":2,"s:26:32:26:Infinity":11,"s:27:10:27:Infinity":12,"s:28:24:28:Infinity":13,"s:29:34:29:Infinity":14,"s:30:32:30:Infinity":15,"s:31:30:37:Infinity":16,"s:39:4:41:Infinity":17,"f:39:14:39:20":6,"s:40:8:40:Infinity":18,"s:43:23:94:Infinity":19,"f:43:23:43:30":7,"s:44:24:44:Infinity":20,"b:45:8:45:Infinity:undefined:undefined:undefined:undefined":3,"s:45:8:45:Infinity":21,"s:45:22:45:Infinity":22,"s:47:41:52:Infinity":23,"s:54:29:54:Infinity":24,"s:55:8:55:Infinity":25,"s:56:8:56:Infinity":26,"s:57:8:57:Infinity":27,"s:59:14:59:Infinity":28,"s:60:8:62:Infinity":29,"f:60:19:60:20":8,"s:61:12:61:Infinity":30,"f:61:21:61:22":9,"s:61:34:61:109":31,"b:61:59:61:102:61:102:61:109":4,"s:64:8:64:Infinity":32,"s:65:8:93:Infinity":33,"s:66:29:71:Infinity":34,"s:72:50:77:Infinity":35,"s:78:12:78:Infinity":36,"f:78:24:78:25":10,"s:78:34:78:61":37,"s:79:12:79:Infinity":38,"s:81:12:81:Infinity":39,"s:82:12:90:Infinity":40,"f:82:24:82:25":11,"s:82:34:90:13":41,"s:92:12:92:Infinity":42,"s:96:31:101:Infinity":43,"f:96:31:96:32":12,"b:97:8:97:Infinity:undefined:undefined:undefined:undefined":5,"s:97:8:97:Infinity":44,"s:97:37:97:Infinity":45,"s:98:8:98:Infinity":46,"s:99:8:99:Infinity":47,"s:100:8:100:Infinity":48,"s:103:27:119:Infinity":49,"f:103:27:103:33":13,"s:104:22:104:Infinity":50,"s:105:8:105:Infinity":51,"s:106:8:106:Infinity":52,"s:107:8:107:Infinity":53,"s:108:8:118:Infinity":54,"f:108:19:108:20":14,"s:109:30:109:Infinity":55,"s:110:12:117:Infinity":56,"s:121:4:151:Infinity":57,"f:142:38:142:39":15,"s:143:28:143:Infinity":58,"s:144:28:144:Infinity":59}}}
,"C:\\Users\\marco\\Documents\\_AI Dev\\EVA Suite\\eva-ui\\apps\\eva-chat\\src\\components\\chat\\ChatSidebar.tsx": {"path":"C:\\Users\\marco\\Documents\\_AI Dev\\EVA Suite\\eva-ui\\apps\\eva-chat\\src\\components\\chat\\ChatSidebar.tsx","statementMap":{"0":{"start":{"line":12,"column":14},"end":{"line":12,"column":null}},"1":{"start":{"line":13,"column":4},"end":{"line":39,"column":null}}},"fnMap":{"0":{"name":"ChatSidebar","decl":{"start":{"line":11,"column":16},"end":{"line":11,"column":28}},"loc":{"start":{"line":11,"column":109},"end":{"line":41,"column":null}},"line":11}},"branchMap":{"0":{"loc":{"start":{"line":28,"column":17},"end":{"line":36,"column":null}},"type":"cond-expr","locations":[{"start":{"line":29,"column":20},"end":{"line":29,"column":null}},{"start":{"line":31,"column":20},"end":{"line":36,"column":null}}],"line":28}},"s":{"0":8,"1":8},"f":{"0":8},"b":{"0":[0,8]},"meta":{"lastBranch":1,"lastFunction":1,"lastStatement":2,"seen":{"f:11:16:11:28":0,"s:12:14:12:Infinity":0,"s:13:4:39:Infinity":1,"b:29:20:29:Infinity:31:20:36:Infinity":0}}}
,"C:\\Users\\marco\\Documents\\_AI Dev\\EVA Suite\\eva-ui\\apps\\eva-chat\\src\\components\\chat\\MicButton.tsx": {"path":"C:\\Users\\marco\\Documents\\_AI Dev\\EVA Suite\\eva-ui\\apps\\eva-chat\\src\\components\\chat\\MicButton.tsx","statementMap":{"0":{"start":{"line":9,"column":14},"end":{"line":9,"column":null}},"1":{"start":{"line":10,"column":4},"end":{"line":23,"column":null}},"2":{"start":{"line":14,"column":16},"end":{"line":14,"column":null}},"3":{"start":{"line":14,"column":30},"end":{"line":14,"column":null}},"4":{"start":{"line":15,"column":16},"end":{"line":15,"column":null}}},"fnMap":{"0":{"name":"MicButton","decl":{"start":{"line":8,"column":16},"end":{"line":8,"column":26}},"loc":{"start":{"line":8,"column":75},"end":{"line":25,"column":null}},"line":8},"1":{"name":"(anonymous_1)","decl":{"start":{"line":13,"column":21},"end":{"line":13,"column":27}},"loc":{"start":{"line":13,"column":27},"end":{"line":16,"column":null}},"line":13}},"branchMap":{"0":{"loc":{"start":{"line":8,"column":39},"end":{"line":8,"column":56}},"type":"default-arg","locations":[{"start":{"line":8,"column":50},"end":{"line":8,"column":56}}],"line":8},"1":{"loc":{"start":{"line":14,"column":16},"end":{"line":14,"column":null}},"type":"if","locations":[{"start":{"line":14,"column":16},"end":{"line":14,"column":null}},{"start":{},"end":{}}],"line":14}},"s":{"0":75,"1":75,"2":1,"3":0,"4":1},"f":{"0":75,"1":1},"b":{"0":[75],"1":[0,1]},"meta":{"lastBranch":2,"lastFunction":2,"lastStatement":5,"seen":{"f:8:16:8:26":0,"b:8:50:8:56":0,"s:9:14:9:Infinity":0,"s:10:4:23:Infinity":1,"f:13:21:13:27":1,"b:14:16:14:Infinity:undefined:undefined:undefined:undefined":1,"s:14:16:14:Infinity":2,"s:14:30:14:Infinity":3,"s:15:16:15:Infinity":4}}}
,"C:\\Users\\marco\\Documents\\_AI Dev\\EVA Suite\\eva-ui\\apps\\eva-chat\\src\\components\\chat\\ModeToggle.tsx": {"path":"C:\\Users\\marco\\Documents\\_AI Dev\\EVA Suite\\eva-ui\\apps\\eva-chat\\src\\components\\chat\\ModeToggle.tsx","statementMap":{"0":{"start":{"line":10,"column":14},"end":{"line":10,"column":null}},"1":{"start":{"line":11,"column":4},"end":{"line":28,"column":null}},"2":{"start":{"line":14,"column":33},"end":{"line":14,"column":null}},"3":{"start":{"line":15,"column":16},"end":{"line":25,"column":null}},"4":{"start":{"line":22,"column":39},"end":{"line":22,"column":null}}},"fnMap":{"0":{"name":"ModeToggle","decl":{"start":{"line":9,"column":16},"end":{"line":9,"column":27}},"loc":{"start":{"line":9,"column":68},"end":{"line":30,"column":null}},"line":9},"1":{"name":"(anonymous_1)","decl":{"start":{"line":13,"column":42},"end":{"line":13,"column":43}},"loc":{"start":{"line":13,"column":53},"end":{"line":27,"column":13}},"line":13},"2":{"name":"(anonymous_2)","decl":{"start":{"line":22,"column":33},"end":{"line":22,"column":39}},"loc":{"start":{"line":22,"column":39},"end":{"line":22,"column":null}},"line":22}},"branchMap":{"0":{"loc":{"start":{"line":19,"column":92},"end":{"line":19,"column":null}},"type":"cond-expr","locations":[{"start":{"line":19,"column":103},"end":{"line":19,"column":132}},{"start":{"line":19,"column":132},"end":{"line":19,"column":null}}],"line":19},"1":{"loc":{"start":{"line":24,"column":25},"end":{"line":24,"column":null}},"type":"cond-expr","locations":[{"start":{"line":24,"column":48},"end":{"line":24,"column":74}},{"start":{"line":24,"column":74},"end":{"line":24,"column":null}}],"line":24}},"s":{"0":11,"1":11,"2":22,"3":22,"4":2},"f":{"0":11,"1":22,"2":2},"b":{"0":[11,11],"1":[11,11]},"meta":{"lastBranch":2,"lastFunction":3,"lastStatement":5,"seen":{"f:9:16:9:27":0,"s:10:14:10:Infinity":0,"s:11:4:28:Infinity":1,"f:13:42:13:43":1,"s:14:33:14:Infinity":2,"s:15:16:25:Infinity":3,"b:19:103:19:132:19:132:19:Infinity":0,"f:22:33:22:39":2,"s:22:39:22:Infinity":4,"b:24:48:24:74:24:74:24:Infinity":1}}}
,"C:\\Users\\marco\\Documents\\_AI Dev\\EVA Suite\\eva-ui\\apps\\eva-chat\\src\\components\\chat\\ThreadList.tsx": {"path":"C:\\Users\\marco\\Documents\\_AI Dev\\EVA Suite\\eva-ui\\apps\\eva-chat\\src\\components\\chat\\ThreadList.tsx","statementMap":{"0":{"start":{"line":17,"column":10},"end":{"line":17,"column":null}},"1":{"start":{"line":19,"column":26},"end":{"line":42,"column":null}},"2":{"start":{"line":20,"column":8},"end":{"line":20,"column":null}},"3":{"start":{"line":20,"column":34},"end":{"line":20,"column":null}},"4":{"start":{"line":21,"column":24},"end":{"line":21,"column":null}},"5":{"start":{"line":23,"column":8},"end":{"line":35,"column":null}},"6":{"start":{"line":24,"column":12},"end":{"line":24,"column":null}},"7":{"start":{"line":25,"column":12},"end":{"line":25,"column":null}},"8":{"start":{"line":26,"column":8},"end":{"line":35,"column":null}},"9":{"start":{"line":27,"column":12},"end":{"line":27,"column":null}},"10":{"start":{"line":28,"column":12},"end":{"line":28,"column":null}},"11":{"start":{"line":29,"column":8},"end":{"line":35,"column":null}},"12":{"start":{"line":30,"column":12},"end":{"line":30,"column":null}},"13":{"start":{"line":31,"column":12},"end":{"line":31,"column":null}},"14":{"start":{"line":32,"column":8},"end":{"line":35,"column":null}},"15":{"start":{"line":33,"column":12},"end":{"line":33,"column":null}},"16":{"start":{"line":34,"column":12},"end":{"line":34,"column":null}},"17":{"start":{"line":37,"column":8},"end":{"line":41,"column":null}},"18":{"start":{"line":38,"column":31},"end":{"line":38,"column":null}},"19":{"start":{"line":39,"column":12},"end":{"line":39,"column":null}},"20":{"start":{"line":40,"column":12},"end":{"line":40,"column":null}},"21":{"start":{"line":44,"column":28},"end":{"line":52,"column":null}},"22":{"start":{"line":45,"column":8},"end":{"line":45,"column":null}},"23":{"start":{"line":45,"column":20},"end":{"line":45,"column":null}},"24":{"start":{"line":46,"column":21},"end":{"line":46,"column":null}},"25":{"start":{"line":47,"column":8},"end":{"line":47,"column":null}},"26":{"start":{"line":47,"column":42},"end":{"line":47,"column":null}},"27":{"start":{"line":48,"column":8},"end":{"line":51,"column":null}},"28":{"start":{"line":54,"column":4},"end":{"line":79,"column":null}},"29":{"start":{"line":57,"column":38},"end":{"line":57,"column":null}},"30":{"start":{"line":58,"column":16},"end":{"line":76,"column":null}},"31":{"start":{"line":63,"column":28},"end":{"line":63,"column":null}},"32":{"start":{"line":69,"column":39},"end":{"line":69,"column":null}},"33":{"start":{"line":70,"column":46},"end":{"line":70,"column":null}}},"fnMap":{"0":{"name":"ThreadList","decl":{"start":{"line":16,"column":16},"end":{"line":16,"column":27}},"loc":{"start":{"line":16,"column":94},"end":{"line":81,"column":null}},"line":16},"1":{"name":"(anonymous_1)","decl":{"start":{"line":19,"column":26},"end":{"line":19,"column":27}},"loc":{"start":{"line":19,"column":86},"end":{"line":42,"column":null}},"line":19},"2":{"name":"(anonymous_2)","decl":{"start":{"line":44,"column":28},"end":{"line":44,"column":29}},"loc":{"start":{"line":44,"column":48},"end":{"line":52,"column":null}},"line":44},"3":{"name":"(anonymous_3)","decl":{"start":{"line":56,"column":25},"end":{"line":56,"column":26}},"loc":{"start":{"line":56,"column":44},"end":{"line":78,"column":13}},"line":56},"4":{"name":"(anonymous_4)","decl":{"start":{"line":62,"column":29},"end":{"line":62,"column":30}},"loc":{"start":{"line":62,"column":39},"end":{"line":64,"column":null}},"line":62},"5":{"name":"(anonymous_5)","decl":{"start":{"line":69,"column":33},"end":{"line":69,"column":39}},"loc":{"start":{"line":69,"column":39},"end":{"line":69,"column":null}},"line":69},"6":{"name":"(anonymous_6)","decl":{"start":{"line":70,"column":35},"end":{"line":70,"column":36}},"loc":{"start":{"line":70,"column":46},"end":{"line":70,"column":null}},"line":70}},"branchMap":{"0":{"loc":{"start":{"line":20,"column":8},"end":{"line":20,"column":null}},"type":"if","locations":[{"start":{"line":20,"column":8},"end":{"line":20,"column":null}},{"start":{},"end":{}}],"line":20},"1":{"loc":{"start":{"line":23,"column":8},"end":{"line":35,"column":null}},"type":"if","locations":[{"start":{"line":23,"column":8},"end":{"line":35,"column":null}},{"start":{"line":26,"column":8},"end":{"line":35,"column":null}}],"line":23},"2":{"loc":{"start":{"line":26,"column":8},"end":{"line":35,"column":null}},"type":"if","locations":[{"start":{"line":26,"column":8},"end":{"line":35,"column":null}},{"start":{"line":29,"column":8},"end":{"line":35,"column":null}}],"line":26},"3":{"loc":{"start":{"line":29,"column":8},"end":{"line":35,"column":null}},"type":"if","locations":[{"start":{"line":29,"column":8},"end":{"line":35,"column":null}},{"start":{"line":32,"column":8},"end":{"line":35,"column":null}}],"line":29},"4":{"loc":{"start":{"line":32,"column":8},"end":{"line":35,"column":null}},"type":"if","locations":[{"start":{"line":32,"column":8},"end":{"line":35,"column":null}},{"start":{},"end":{}}],"line":32},"5":{"loc":{"start":{"line":37,"column":8},"end":{"line":41,"column":null}},"type":"if","locations":[{"start":{"line":37,"column":8},"end":{"line":41,"column":null}},{"start":{},"end":{}}],"line":37},"6":{"loc":{"start":{"line":45,"column":8},"end":{"line":45,"column":null}},"type":"if","locations":[{"start":{"line":45,"column":8},"end":{"line":45,"column":null}},{"start":{},"end":{}}],"line":45},"7":{"loc":{"start":{"line":47,"column":8},"end":{"line":47,"column":null}},"type":"if","locations":[{"start":{"line":47,"column":8},"end":{"line":47,"column":null}},{"start":{},"end":{}}],"line":47},"8":{"loc":{"start":{"line":55,"column":40},"end":{"line":55,"column":69}},"type":"binary-expr","locations":[{"start":{"line":55,"column":40},"end":{"line":55,"column":53}},{"start":{"line":55,"column":53},"end":{"line":55,"column":69}}],"line":55},"9":{"loc":{"start":{"line":68,"column":102},"end":{"line":68,"column":229}},"type":"cond-expr","locations":[{"start":{"line":68,"column":133},"end":{"line":68,"column":165}},{"start":{"line":68,"column":165},"end":{"line":68,"column":229}}],"line":68},"10":{"loc":{"start":{"line":73,"column":25},"end":{"line":74,"column":null}},"type":"binary-expr","locations":[{"start":{"line":73,"column":25},"end":{"line":73,"column":null}},{"start":{"line":74,"column":28},"end":{"line":74,"column":null}}],"line":73}},"s":{"0":12,"1":12,"2":4,"3":0,"4":4,"5":4,"6":1,"7":1,"8":3,"9":1,"10":1,"11":2,"12":1,"13":1,"14":1,"15":1,"16":1,"17":4,"18":4,"19":4,"20":4,"21":12,"22":21,"23":4,"24":17,"25":17,"26":1,"27":16,"28":12,"29":21,"30":21,"31":42,"32":0,"33":4},"f":{"0":12,"1":4,"2":21,"3":21,"4":42,"5":0,"6":4},"b":{"0":[0,4],"1":[1,3],"2":[1,2],"3":[1,1],"4":[1,0],"5":[4,0],"6":[4,17],"7":[1,16],"8":[12,0],"9":[12,9],"10":[21,16]},"meta":{"lastBranch":11,"lastFunction":7,"lastStatement":34,"seen":{"f:16:16:16:27":0,"s:17:10:17:Infinity":0,"s:19:26:42:Infinity":1,"f:19:26:19:27":1,"b:20:8:20:Infinity:undefined:undefined:undefined:undefined":0,"s:20:8:20:Infinity":2,"s:20:34:20:Infinity":3,"s:21:24:21:Infinity":4,"b:23:8:35:Infinity:26:8:35:Infinity":1,"s:23:8:35:Infinity":5,"s:24:12:24:Infinity":6,"s:25:12:25:Infinity":7,"b:26:8:35:Infinity:29:8:35:Infinity":2,"s:26:8:35:Infinity":8,"s:27:12:27:Infinity":9,"s:28:12:28:Infinity":10,"b:29:8:35:Infinity:32:8:35:Infinity":3,"s:29:8:35:Infinity":11,"s:30:12:30:Infinity":12,"s:31:12:31:Infinity":13,"b:32:8:35:Infinity:undefined:undefined:undefined:undefined":4,"s:32:8:35:Infinity":14,"s:33:12:33:Infinity":15,"s:34:12:34:Infinity":16,"b:37:8:41:Infinity:undefined:undefined:undefined:undefined":5,"s:37:8:41:Infinity":17,"s:38:31:38:Infinity":18,"s:39:12:39:Infinity":19,"s:40:12:40:Infinity":20,"s:44:28:52:Infinity":21,"f:44:28:44:29":2,"b:45:8:45:Infinity:undefined:undefined:undefined:undefined":6,"s:45:8:45:Infinity":22,"s:45:20:45:Infinity":23,"s:46:21:46:Infinity":24,"b:47:8:47:Infinity:undefined:undefined:undefined:undefined":7,"s:47:8:47:Infinity":25,"s:47:42:47:Infinity":26,"s:48:8:51:Infinity":27,"s:54:4:79:Infinity":28,"b:55:40:55:53:55:53:55:69":8,"f:56:25:56:26":3,"s:57:38:57:Infinity":29,"s:58:16:76:Infinity":30,"f:62:29:62:30":4,"s:63:28:63:Infinity":31,"b:68:133:68:165:68:165:68:229":9,"f:69:33:69:39":5,"s:69:39:69:Infinity":32,"f:70:35:70:36":6,"s:70:46:70:Infinity":33,"b:73:25:73:Infinity:74:28:74:Infinity":10}}}
}
